TN:
SF:script/DeployLottery.s.sol
DA:10,66
FN:10,DeployLottery.run
FNDA:66,DeployLottery.run
DA:11,66
DA:12,66
DA:13,66
DA:23,66
DA:25,66
BRDA:25,0,0,66
DA:26,66
DA:27,66
DA:29,66
DA:30,66
DA:33,66
DA:34,66
DA:43,66
DA:46,66
DA:47,66
FNF:1
FNH:1
LF:15
LH:15
BRF:1
BRH:1
end_of_record
TN:
SF:script/HelperConfig.s.sol
DA:31,66
FN:31,HelperConfig.constructor
FNDA:66,HelperConfig.constructor
DA:32,66
BRDA:32,0,0,-
BRDA:32,0,1,66
DA:33,0
DA:35,66
DA:39,0
FN:39,HelperConfig.getMainnetEthConfig
FNDA:0,HelperConfig.getMainnetEthConfig
DA:40,0
DA:53,0
FN:53,HelperConfig.getSepoliaEthConfig
FNDA:0,HelperConfig.getSepoliaEthConfig
DA:54,0
DA:67,66
FN:67,HelperConfig.getOrCreateAnvilEthConfig
FNDA:66,HelperConfig.getOrCreateAnvilEthConfig
DA:69,66
BRDA:69,1,0,-
DA:70,0
DA:73,66
DA:74,66
DA:76,66
DA:77,66
DA:78,66
DA:80,66
DA:81,66
DA:83,66
DA:84,66
DA:86,66
FNF:4
FNH:2
LF:21
LH:15
BRF:3
BRH:1
end_of_record
TN:
SF:src/Lottery.sol
DA:138,66
FN:138,Lottery.constructor
FNDA:66,Lottery.constructor
DA:147,66
DA:148,66
DA:149,66
DA:150,66
DA:151,66
DA:152,66
DA:153,66
DA:154,66
DA:155,66
DA:156,66
DA:157,66
DA:168,178458
FN:168,Lottery.enterLottery
FNDA:178458,Lottery.enterLottery
DA:170,178458
BRDA:170,0,0,257
DA:171,257
DA:174,178201
BRDA:174,1,0,1
DA:175,1
DA:178,178200
DA:179,178200
DA:181,178199
BRDA:181,2,0,257
DA:182,257
DA:185,177942
BRDA:185,3,0,257
DA:186,257
DA:189,177685
DA:191,177685
BRDA:191,4,0,1
DA:192,1
DA:195,177684
DA:196,177684
DA:197,177684
DA:198,177684
DA:199,177684
DA:200,177684
DA:201,177684
DA:202,177684
DA:204,177684
BRDA:204,5,0,174437
DA:205,174437
DA:206,174437
BRDA:206,6,0,1
DA:207,1
DA:219,49629
FN:219,Lottery.performUpkeep
FNDA:49629,Lottery.performUpkeep
DA:220,49629
DA:221,49629
BRDA:221,7,0,257
DA:222,257
DA:224,49372
DA:225,49372
DA:228,49372
DA:236,2
FN:236,Lottery.setWithdrawPrizeToAnAddressEnabled
FNDA:2,Lottery.setWithdrawPrizeToAnAddressEnabled
DA:237,1
DA:238,1
DA:245,258
FN:245,Lottery.getPrizeValueOfCurrentRound
FNDA:258,Lottery.getPrizeValueOfCurrentRound
DA:246,258
DA:247,258
DA:256,47832
FN:256,Lottery.withdrawPrize
FNDA:47832,Lottery.withdrawPrize
DA:257,47832
BRDA:257,8,0,1
DA:258,1
DA:260,47831
BRDA:260,9,0,1
DA:261,1
DA:264,47830
DA:266,47830
DA:267,47830
DA:268,47830
DA:269,47830
DA:270,47830
BRDA:270,10,0,1
DA:271,1
DA:282,4
FN:282,Lottery.withdrawPrizeToAnAddress
FNDA:4,Lottery.withdrawPrizeToAnAddress
DA:283,4
BRDA:283,11,0,-
DA:284,0
DA:286,4
BRDA:286,12,0,1
DA:287,1
DA:289,3
BRDA:289,13,0,-
DA:290,0
DA:292,3
BRDA:292,14,0,1
DA:293,1
DA:296,2
DA:298,2
DA:299,2
DA:300,2
DA:301,2
DA:302,2
DA:303,2
BRDA:303,15,0,1
DA:304,1
DA:314,3
FN:314,Lottery.withdrawProtocolFee
FNDA:3,Lottery.withdrawProtocolFee
DA:315,2
BRDA:315,16,0,1
DA:316,1
DA:318,1
DA:319,1
DA:320,1
DA:321,1
DA:322,1
DA:323,1
BRDA:323,17,0,-
DA:324,0
DA:333,126016
FN:333,Lottery.getMinimumEthAmountToEnter
FNDA:126016,Lottery.getMinimumEthAmountToEnter
DA:334,304216
DA:335,304215
DA:348,130279
FN:348,Lottery.checkUpkeep
FNDA:130279,Lottery.checkUpkeep
DA:354,179908
DA:355,179908
DA:356,179908
DA:357,179908
DA:358,179908
DA:359,179908
DA:371,48343
FN:371,Lottery.fulfillRandomWords
FNDA:48343,Lottery.fulfillRandomWords
DA:372,48343
DA:373,48343
DA:374,48343
DA:375,48343
DA:376,89844
DA:377,89844
BRDA:377,18,0,48343
DA:378,48343
DA:379,48343
DA:382,41501
DA:385,48343
DA:386,48343
DA:387,48343
DA:390,48343
DA:391,48343
DA:392,48343
DA:393,48343
DA:394,48343
DA:395,48343
DA:396,48343
DA:398,48343
DA:409,1030
FN:409,Lottery.getLotteryState
FNDA:1030,Lottery.getLotteryState
DA:410,1030
DA:417,1
FN:417,Lottery.getNumWords
FNDA:1,Lottery.getNumWords
DA:418,1
DA:425,1
FN:425,Lottery.getRequestConfirmations
FNDA:1,Lottery.getRequestConfirmations
DA:426,1
DA:433,48339
FN:433,Lottery.getRecentWinner
FNDA:48339,Lottery.getRecentWinner
DA:434,48339
DA:442,2
FN:442,Lottery.getPlayer
FNDA:2,Lottery.getPlayer
DA:443,2
DA:450,514
FN:450,Lottery.getLastTimeStamp
FNDA:514,Lottery.getLastTimeStamp
DA:451,514
DA:458,1
FN:458,Lottery.getInterval
FNDA:1,Lottery.getInterval
DA:459,1
DA:466,1
FN:466,Lottery.getEntranceFee
FNDA:1,Lottery.getEntranceFee
DA:467,1
DA:474,257
FN:474,Lottery.getNumberOfPlayers
FNDA:257,Lottery.getNumberOfPlayers
DA:475,257
DA:482,1
FN:482,Lottery.getPriceFeedAddress
FNDA:1,Lottery.getPriceFeedAddress
DA:483,1
DA:490,2
FN:490,Lottery.getTotalEthValue
FNDA:2,Lottery.getTotalEthValue
DA:491,2
DA:498,1
FN:498,Lottery.getSubscriptionId
FNDA:1,Lottery.getSubscriptionId
DA:499,1
DA:506,1
FN:506,Lottery.getGasLane
FNDA:1,Lottery.getGasLane
DA:507,1
DA:514,1
FN:514,Lottery.getCallbackGasLimit
FNDA:1,Lottery.getCallbackGasLimit
DA:515,1
DA:522,1
FN:522,Lottery.getVrfCoordinatorV2
FNDA:1,Lottery.getVrfCoordinatorV2
DA:523,1
DA:530,2
FN:530,Lottery.getPrecision
FNDA:2,Lottery.getPrecision
DA:531,2
DA:538,177913
FN:538,Lottery.getCurrentRoundId
FNDA:177913,Lottery.getCurrentRoundId
DA:539,177913
DA:546,1
FN:546,Lottery.getTimeOutLimit
FNDA:1,Lottery.getTimeOutLimit
DA:547,1
DA:556,257
FN:556,Lottery.getEntriesPerPlayer
FNDA:257,Lottery.getEntriesPerPlayer
DA:557,257
DA:564,48
FN:564,Lottery.getProtocolFeePercentage
FNDA:48,Lottery.getProtocolFeePercentage
DA:565,48
DA:572,3
FN:572,Lottery.getTotalFeeCollected
FNDA:3,Lottery.getTotalFeeCollected
DA:573,3
DA:580,2
FN:580,Lottery.getEthValueOfCurrentRound
FNDA:2,Lottery.getEthValueOfCurrentRound
DA:581,2
DA:588,1
FN:588,Lottery.getNumberOfPlayersInCurrentRound
FNDA:1,Lottery.getNumberOfPlayersInCurrentRound
DA:589,1
DA:596,3
FN:596,Lottery.getWithdrawPrizeToAnAddressState
FNDA:3,Lottery.getWithdrawPrizeToAnAddressState
DA:597,3
DA:606,3
FN:606,Lottery.getWinnerPrize
FNDA:3,Lottery.getWinnerPrize
DA:607,3
DA:614,0
FN:614,Lottery.getTotalEntriesCurrentRound
FNDA:0,Lottery.getTotalEntriesCurrentRound
DA:615,0
FNF:37
FNH:36
LF:173
LH:168
BRF:19
BRH:16
end_of_record
TN:
SF:src/libraries/OracleLib.sol
DA:19,304216
FN:19,OracleLib.staleCheckLatestRoundData
FNDA:304216,OracleLib.staleCheckLatestRoundData
DA:24,304216
DA:25,304216
DA:27,304216
DA:28,304216
BRDA:28,0,0,1
DA:29,1
DA:32,304215
DA:35,1
FN:35,OracleLib.getTimeout
FNDA:1,OracleLib.getTimeout
DA:36,1
FNF:2
FNH:2
LF:9
LH:9
BRF:1
BRH:1
end_of_record
TN:
SF:test/invariant/Handler.sol
DA:30,4
FN:30,Handler.constructor
FNDA:4,Handler.constructor
DA:31,4
DA:32,4
DA:33,4
DA:38,129832
FN:38,Handler.enterLottery
FNDA:129832,Handler.enterLottery
DA:39,129832
DA:40,129832
DA:42,129832
DA:44,129832
DA:46,125955
BRDA:46,1,0,125955
DA:47,125955
DA:50,125955
DA:51,125955
DA:52,125955
DA:54,125955
DA:55,125955
DA:56,125955
DA:57,125955
DA:58,125955
DA:61,125955
DA:62,125955
DA:63,125955
DA:66,129372
FN:66,Handler.warpForward
FNDA:129372,Handler.warpForward
DA:67,129372
DA:68,129372
DA:69,129372
DA:70,129372
DA:71,129372
DA:74,129507
FN:74,Handler.performUpkeep
FNDA:129507,Handler.performUpkeep
DA:75,129507
DA:76,48080
BRDA:76,2,0,48080
DA:77,48080
DA:78,48080
DA:79,48080
DA:80,48080
BRDA:80,3,0,48080
DA:81,48080
DA:82,48080
DA:83,48080
DA:84,48080
DA:85,48080
DA:90,129166
FN:90,Handler.withdraw
FNDA:129166,Handler.withdraw
DA:91,129166
DA:92,47572
DA:93,47572
DA:94,47572
DA:96,47572
DA:97,47572
DA:98,47572
DA:99,47572
DA:100,47572
DA:101,47572
BRDA:101,5,0,-
DA:102,0
DA:104,47572
DA:105,47572
DA:109,129832
FN:109,Handler._makeAddr
FNDA:129832,Handler._makeAddr
DA:110,129832
DA:113,48080
FN:113,Handler._lastRequestId
FNDA:48080,Handler._lastRequestId
DA:114,48080
DA:115,48080
DA:117,48080
FNF:7
FNH:7
LF:60
LH:59
BRF:4
BRH:3
end_of_record
