TN:
SF:script/DeployLottery.s.sol
DA:10,51
FN:10,DeployLottery.run
FNDA:51,DeployLottery.run
DA:11,51
DA:12,51
DA:13,51
DA:23,51
DA:25,51
BRDA:25,0,0,51
DA:26,51
DA:27,51
DA:29,51
DA:30,51
DA:33,51
DA:34,51
DA:43,51
DA:46,51
DA:47,51
FNF:1
FNH:1
LF:15
LH:15
BRF:1
BRH:1
end_of_record
TN:
SF:script/HelperConfig.s.sol
DA:31,51
FN:31,HelperConfig.constructor
FNDA:51,HelperConfig.constructor
DA:32,51
BRDA:32,0,0,-
BRDA:32,0,1,51
DA:33,0
DA:35,51
DA:39,0
FN:39,HelperConfig.getMainnetEthConfig
FNDA:0,HelperConfig.getMainnetEthConfig
DA:40,0
DA:53,0
FN:53,HelperConfig.getSepoliaEthConfig
FNDA:0,HelperConfig.getSepoliaEthConfig
DA:54,0
DA:67,51
FN:67,HelperConfig.getOrCreateAnvilEthConfig
FNDA:51,HelperConfig.getOrCreateAnvilEthConfig
DA:69,51
BRDA:69,1,0,-
DA:70,0
DA:73,51
DA:74,51
DA:76,51
DA:77,51
DA:78,51
DA:80,51
DA:81,51
DA:83,51
DA:84,51
DA:86,51
FNF:4
FNH:2
LF:21
LH:15
BRF:3
BRH:1
end_of_record
TN:
SF:src/Lottery.sol
DA:68,51
FN:68,Lottery.constructor
FNDA:51,Lottery.constructor
DA:77,51
DA:78,51
DA:79,51
DA:80,51
DA:81,51
DA:82,51
DA:83,51
DA:84,51
DA:85,51
DA:86,51
DA:92,338490
FN:92,Lottery.enterLottery
FNDA:338490,Lottery.enterLottery
DA:93,338490
BRDA:93,0,0,64506
DA:94,64506
DA:96,273984
BRDA:96,1,0,265
DA:97,265
DA:99,273719
BRDA:99,2,0,265
DA:100,265
DA:104,273454
DA:105,273454
DA:106,273454
DA:107,273454
DA:108,273454
DA:115,65115
FN:115,Lottery.performUpkeep
FNDA:65115,Lottery.performUpkeep
DA:116,65115
DA:117,65115
BRDA:117,3,0,63795
DA:118,63795
DA:120,1320
DA:121,1320
DA:124,1320
DA:132,273666
FN:132,Lottery.getMinimumEthAmountToEnter
FNDA:273666,Lottery.getMinimumEthAmountToEnter
DA:133,612156
DA:134,612156
DA:146,790
FN:146,Lottery.checkUpkeep
FNDA:790,Lottery.checkUpkeep
DA:152,65905
DA:153,65905
DA:154,65905
DA:155,65905
DA:156,65905
DA:157,65905
DA:164,277
FN:164,Lottery.fulfillRandomWords
FNDA:277,Lottery.fulfillRandomWords
DA:165,277
DA:166,265
DA:167,265
DA:168,265
DA:171,265
DA:172,265
DA:173,265
DA:174,265
DA:175,265
DA:177,265
DA:183,63967
FN:183,Lottery.withdrawPrize
FNDA:63967,Lottery.withdrawPrize
DA:184,63967
BRDA:184,4,0,1
DA:185,1
DA:187,63966
BRDA:187,5,0,63702
DA:188,63702
DA:191,264
DA:193,264
DA:194,264
DA:195,264
DA:196,264
DA:197,264
BRDA:197,6,0,1
DA:198,1
DA:205,1054
FN:205,Lottery.getLotteryState
FNDA:1054,Lottery.getLotteryState
DA:206,1054
DA:209,1
FN:209,Lottery.getNumWords
FNDA:1,Lottery.getNumWords
DA:210,1
DA:213,1
FN:213,Lottery.getRequestConfirmations
FNDA:1,Lottery.getRequestConfirmations
DA:214,1
DA:217,263
FN:217,Lottery.getRecentWinner
FNDA:263,Lottery.getRecentWinner
DA:218,263
DA:221,263
FN:221,Lottery.getPlayer
FNDA:263,Lottery.getPlayer
DA:222,263
DA:225,526
FN:225,Lottery.getLastTimeStamp
FNDA:526,Lottery.getLastTimeStamp
DA:226,526
DA:229,1
FN:229,Lottery.getInterval
FNDA:1,Lottery.getInterval
DA:230,1
DA:233,1
FN:233,Lottery.getEntranceFee
FNDA:1,Lottery.getEntranceFee
DA:234,1
DA:237,1
FN:237,Lottery.getNumberOfPlayers
FNDA:1,Lottery.getNumberOfPlayers
DA:238,1
DA:241,1
FN:241,Lottery.getPriceFeedAddress
FNDA:1,Lottery.getPriceFeedAddress
DA:242,1
DA:245,263
FN:245,Lottery.getTotalEthValue
FNDA:263,Lottery.getTotalEthValue
DA:246,263
DA:249,1
FN:249,Lottery.getSubscriptionId
FNDA:1,Lottery.getSubscriptionId
DA:250,1
DA:253,1
FN:253,Lottery.getGasLane
FNDA:1,Lottery.getGasLane
DA:254,1
DA:257,1
FN:257,Lottery.getCallbackGasLimit
FNDA:1,Lottery.getCallbackGasLimit
DA:258,1
DA:261,1
FN:261,Lottery.getVrfCoordinatorV2
FNDA:1,Lottery.getVrfCoordinatorV2
DA:262,1
DA:265,1
FN:265,Lottery.getPrecision
FNDA:1,Lottery.getPrecision
DA:266,1
DA:269,1
FN:269,Lottery.getCurrentRoundId
FNDA:1,Lottery.getCurrentRoundId
DA:270,1
DA:273,1
FN:273,Lottery.getIsEntered
FNDA:1,Lottery.getIsEntered
DA:274,1
DA:277,1
FN:277,Lottery.getTimeOutLimit
FNDA:1,Lottery.getTimeOutLimit
DA:278,1
FNF:26
FNH:26
LF:101
LH:101
BRF:7
BRH:7
end_of_record
TN:
SF:src/libraries/OracleLib.sol
DA:19,612156
FN:19,OracleLib.staleCheckLatestRoundData
FNDA:612156,OracleLib.staleCheckLatestRoundData
DA:24,612156
DA:25,612156
DA:27,612156
DA:28,612156
BRDA:28,0,0,-
DA:30,612156
DA:33,1
FN:33,OracleLib.getTimeout
FNDA:1,OracleLib.getTimeout
DA:34,1
FNF:2
FNH:2
LF:8
LH:8
BRF:1
BRH:0
end_of_record
TN:
SF:test/Invariant/Handler.t.sol
DA:22,0
FN:22,LotteryFuzzTest.constructor
FNDA:0,LotteryFuzzTest.constructor
DA:23,0
DA:26,0
FN:26,LotteryFuzzTest.enterLottery
FNDA:0,LotteryFuzzTest.enterLottery
DA:27,0
DA:28,0
DA:29,0
DA:30,0
FNF:2
FNH:0
LF:7
LH:0
BRF:0
BRH:0
end_of_record
